<?xml version="1.0" encoding="UTF-8"?>
<coverage generated="1649841686681" clover="3.2.0">
  <project timestamp="1649841686681" name="All files">
    <metrics statements="36" coveredstatements="36" conditionals="25" coveredconditionals="20" methods="8" coveredmethods="8" elements="69" coveredelements="64" complexity="0" loc="36" ncloc="36" packages="5" files="6" classes="6"/>
    <package name="app.Recipes.entities">
      <metrics statements="13" coveredstatements="13" conditionals="0" coveredconditionals="0" methods="1" coveredmethods="1"/>
      <file name="Recipe.ts" path="/Users/ranaharoni/Development/pandora/packages/LittleBits/src/app/Recipes/entities/Recipe.ts">
        <metrics statements="13" coveredstatements="13" conditionals="0" coveredconditionals="0" methods="1" coveredmethods="1"/>
        <line num="30" count="2" type="stmt"/>
        <line num="37" count="2" type="stmt"/>
        <line num="50" count="3" type="stmt"/>
        <line num="51" count="3" type="stmt"/>
        <line num="52" count="3" type="stmt"/>
        <line num="53" count="3" type="stmt"/>
        <line num="54" count="3" type="stmt"/>
        <line num="55" count="3" type="stmt"/>
        <line num="56" count="3" type="stmt"/>
        <line num="57" count="3" type="stmt"/>
        <line num="58" count="3" type="stmt"/>
        <line num="59" count="3" type="stmt"/>
        <line num="60" count="3" type="stmt"/>
      </file>
    </package>
    <package name="app.Recipes.infrastructure.adapters">
      <metrics statements="2" coveredstatements="2" conditionals="8" coveredconditionals="8" methods="1" coveredmethods="1"/>
      <file name="adapter_IRecipeFromIRecipeResponse.ts" path="/Users/ranaharoni/Development/pandora/packages/LittleBits/src/app/Recipes/infrastructure/adapters/adapter_IRecipeFromIRecipeResponse.ts">
        <metrics statements="2" coveredstatements="2" conditionals="8" coveredconditionals="8" methods="1" coveredmethods="1"/>
        <line num="7" count="2" type="stmt"/>
        <line num="20" count="3" type="stmt"/>
      </file>
    </package>
    <package name="app.Recipes.infrastructure.utils">
      <metrics statements="11" coveredstatements="11" conditionals="7" coveredconditionals="7" methods="3" coveredmethods="3"/>
      <file name="durationToFutureDate.ts" path="/Users/ranaharoni/Development/pandora/packages/LittleBits/src/app/Recipes/infrastructure/utils/durationToFutureDate.ts">
        <metrics statements="4" coveredstatements="4" conditionals="0" coveredconditionals="0" methods="1" coveredmethods="1"/>
        <line num="6" count="3" type="stmt"/>
        <line num="7" count="6" type="stmt"/>
        <line num="8" count="6" type="stmt"/>
        <line num="9" count="6" type="stmt"/>
      </file>
      <file name="sortObjectCollectionByKey.ts" path="/Users/ranaharoni/Development/pandora/packages/LittleBits/src/app/Recipes/infrastructure/utils/sortObjectCollectionByKey.ts">
        <metrics statements="7" coveredstatements="7" conditionals="7" coveredconditionals="7" methods="2" coveredmethods="2"/>
        <line num="3" count="1" type="stmt"/>
        <line num="7" count="5" type="stmt"/>
        <line num="8" count="23" type="cond" truecount="2" falsecount="0"/>
        <line num="10" count="3" type="stmt"/>
        <line num="11" count="20" type="cond" truecount="5" falsecount="0"/>
        <line num="13" count="18" type="stmt"/>
        <line num="15" count="2" type="stmt"/>
      </file>
    </package>
    <package name="ui.adapters">
      <metrics statements="2" coveredstatements="2" conditionals="0" coveredconditionals="0" methods="1" coveredmethods="1"/>
      <file name="displayRecipe.ts" path="/Users/ranaharoni/Development/pandora/packages/LittleBits/src/ui/adapters/displayRecipe.ts">
        <metrics statements="2" coveredstatements="2" conditionals="0" coveredconditionals="0" methods="1" coveredmethods="1"/>
        <line num="6" count="1" type="stmt"/>
        <line num="7" count="1" type="stmt"/>
      </file>
    </package>
    <package name="ui.screens.NewAppScreen">
      <metrics statements="8" coveredstatements="8" conditionals="10" coveredconditionals="5" methods="2" coveredmethods="2"/>
      <file name="index.tsx" path="/Users/ranaharoni/Development/pandora/packages/LittleBits/src/ui/screens/NewAppScreen/index.tsx">
        <metrics statements="8" coveredstatements="8" conditionals="10" coveredconditionals="5" methods="2" coveredmethods="2"/>
        <line num="33" count="1" type="stmt"/>
        <line num="34" count="4" type="stmt"/>
        <line num="35" count="4" type="stmt"/>
        <line num="59" count="1" type="stmt"/>
        <line num="60" count="2" type="stmt"/>
        <line num="62" count="1" type="stmt"/>
        <line num="66" count="1" type="stmt"/>
        <line num="97" count="1" type="stmt"/>
      </file>
    </package>
  </project>
</coverage>
