{"/Users/ranaharoni/Development/pandora/packages/LittleBits/src/app/Recipes/entities/Recipe.ts": {"path":"/Users/ranaharoni/Development/pandora/packages/LittleBits/src/app/Recipes/entities/Recipe.ts","statementMap":{"0":{"start":{"line":30,"column":17},"end":{"line":35,"column":3}},"1":{"start":{"line":37,"column":30},"end":{"line":47,"column":3}},"2":{"start":{"line":50,"column":4},"end":{"line":50,"column":24}},"3":{"start":{"line":51,"column":4},"end":{"line":51,"column":30}},"4":{"start":{"line":52,"column":4},"end":{"line":52,"column":28}},"5":{"start":{"line":53,"column":4},"end":{"line":53,"column":36}},"6":{"start":{"line":54,"column":4},"end":{"line":54,"column":42}},"7":{"start":{"line":55,"column":4},"end":{"line":55,"column":40}},"8":{"start":{"line":56,"column":4},"end":{"line":56,"column":36}},"9":{"start":{"line":57,"column":4},"end":{"line":57,"column":46}},"10":{"start":{"line":58,"column":4},"end":{"line":58,"column":28}},"11":{"start":{"line":59,"column":4},"end":{"line":59,"column":36}},"12":{"start":{"line":60,"column":4},"end":{"line":60,"column":36}}},"fnMap":{"0":{"name":"(anonymous_0)","decl":{"start":{"line":49,"column":2},"end":{"line":49,"column":3}},"loc":{"start":{"line":49,"column":31},"end":{"line":61,"column":3}},"line":49}},"branchMap":{},"s":{"0":2,"1":2,"2":3,"3":3,"4":3,"5":3,"6":3,"7":3,"8":3,"9":3,"10":3,"11":3,"12":3},"f":{"0":3},"b":{},"_coverageSchema":"1a1c01bbd47fc00a2c39e90264f33305004495a9","hash":"f9844d2e4128da3a7459b9203a4221b780df4f2e"}
,"/Users/ranaharoni/Development/pandora/packages/LittleBits/src/app/Recipes/infrastructure/adapters/adapter_IRecipeFromIRecipeResponse.ts": {"path":"/Users/ranaharoni/Development/pandora/packages/LittleBits/src/app/Recipes/infrastructure/adapters/adapter_IRecipeFromIRecipeResponse.ts","statementMap":{"0":{"start":{"line":7,"column":50},"end":{"line":32,"column":4}},"1":{"start":{"line":20,"column":2},"end":{"line":32,"column":4}}},"fnMap":{"0":{"name":"(anonymous_0)","decl":{"start":{"line":7,"column":50},"end":{"line":7,"column":51}},"loc":{"start":{"line":20,"column":2},"end":{"line":32,"column":4}},"line":20}},"branchMap":{"0":{"loc":{"start":{"line":27,"column":14},"end":{"line":27,"column":46}},"type":"binary-expr","locations":[{"start":{"line":27,"column":14},"end":{"line":27,"column":41}},{"start":{"line":27,"column":45},"end":{"line":27,"column":46}}],"line":27},"1":{"loc":{"start":{"line":28,"column":19},"end":{"line":28,"column":49}},"type":"binary-expr","locations":[{"start":{"line":28,"column":19},"end":{"line":28,"column":44}},{"start":{"line":28,"column":48},"end":{"line":28,"column":49}}],"line":28},"2":{"loc":{"start":{"line":29,"column":10},"end":{"line":29,"column":38}},"type":"binary-expr","locations":[{"start":{"line":29,"column":10},"end":{"line":29,"column":33}},{"start":{"line":29,"column":37},"end":{"line":29,"column":38}}],"line":29},"3":{"loc":{"start":{"line":30,"column":14},"end":{"line":30,"column":46}},"type":"binary-expr","locations":[{"start":{"line":30,"column":14},"end":{"line":30,"column":41}},{"start":{"line":30,"column":45},"end":{"line":30,"column":46}}],"line":30}},"s":{"0":2,"1":3},"f":{"0":3},"b":{"0":[3,1],"1":[3,1],"2":[3,1],"3":[3,1]},"_coverageSchema":"1a1c01bbd47fc00a2c39e90264f33305004495a9","hash":"f73257c54a3d23c7e1dcdb97a5751698ba2b7a27"}
,"/Users/ranaharoni/Development/pandora/packages/LittleBits/src/app/Recipes/infrastructure/utils/durationToFutureDate.ts": {"path":"/Users/ranaharoni/Development/pandora/packages/LittleBits/src/app/Recipes/infrastructure/utils/durationToFutureDate.ts","statementMap":{"0":{"start":{"line":6,"column":36},"end":{"line":10,"column":1}},"1":{"start":{"line":7,"column":22},"end":{"line":7,"column":37}},"2":{"start":{"line":8,"column":15},"end":{"line":8,"column":43}},"3":{"start":{"line":9,"column":2},"end":{"line":9,"column":14}}},"fnMap":{"0":{"name":"(anonymous_0)","decl":{"start":{"line":6,"column":36},"end":{"line":6,"column":37}},"loc":{"start":{"line":6,"column":58},"end":{"line":10,"column":1}},"line":6}},"branchMap":{},"s":{"0":3,"1":6,"2":6,"3":6},"f":{"0":6},"b":{},"_coverageSchema":"1a1c01bbd47fc00a2c39e90264f33305004495a9","hash":"d4ede58bc9da9d105aba08517eb37eaa88786c81"}
,"/Users/ranaharoni/Development/pandora/packages/LittleBits/src/app/Recipes/infrastructure/utils/sortObjectCollectionByKey.ts": {"path":"/Users/ranaharoni/Development/pandora/packages/LittleBits/src/app/Recipes/infrastructure/utils/sortObjectCollectionByKey.ts","statementMap":{"0":{"start":{"line":3,"column":41},"end":{"line":18,"column":1}},"1":{"start":{"line":7,"column":2},"end":{"line":17,"column":5}},"2":{"start":{"line":8,"column":4},"end":{"line":16,"column":5}},"3":{"start":{"line":10,"column":6},"end":{"line":10,"column":42}},"4":{"start":{"line":11,"column":11},"end":{"line":16,"column":5}},"5":{"start":{"line":13,"column":6},"end":{"line":13,"column":29}},"6":{"start":{"line":15,"column":6},"end":{"line":15,"column":15}}},"fnMap":{"0":{"name":"(anonymous_0)","decl":{"start":{"line":3,"column":41},"end":{"line":3,"column":42}},"loc":{"start":{"line":6,"column":9},"end":{"line":18,"column":1}},"line":6},"1":{"name":"(anonymous_1)","decl":{"start":{"line":7,"column":23},"end":{"line":7,"column":24}},"loc":{"start":{"line":7,"column":39},"end":{"line":17,"column":3}},"line":7}},"branchMap":{"0":{"loc":{"start":{"line":8,"column":4},"end":{"line":16,"column":5}},"type":"if","locations":[{"start":{"line":8,"column":4},"end":{"line":16,"column":5}},{"start":{"line":11,"column":11},"end":{"line":16,"column":5}}],"line":8},"1":{"loc":{"start":{"line":11,"column":11},"end":{"line":16,"column":5}},"type":"if","locations":[{"start":{"line":11,"column":11},"end":{"line":16,"column":5}},{"start":{"line":14,"column":11},"end":{"line":16,"column":5}}],"line":11},"2":{"loc":{"start":{"line":11,"column":15},"end":{"line":11,"column":99}},"type":"binary-expr","locations":[{"start":{"line":11,"column":15},"end":{"line":11,"column":41}},{"start":{"line":11,"column":45},"end":{"line":11,"column":67}},{"start":{"line":11,"column":72},"end":{"line":11,"column":99}}],"line":11}},"s":{"0":1,"1":5,"2":23,"3":3,"4":20,"5":18,"6":2},"f":{"0":5,"1":23},"b":{"0":[3,20],"1":[18,2],"2":[20,13,9]},"_coverageSchema":"1a1c01bbd47fc00a2c39e90264f33305004495a9","hash":"e60fb4526c43eda6f1c0ac4fff8f28c26d1410d0"}
,"/Users/ranaharoni/Development/pandora/packages/LittleBits/src/ui/adapters/displayRecipe.ts": {"path":"/Users/ranaharoni/Development/pandora/packages/LittleBits/src/ui/adapters/displayRecipe.ts","statementMap":{"0":{"start":{"line":6,"column":29},"end":{"line":20,"column":1}},"1":{"start":{"line":7,"column":2},"end":{"line":19,"column":4}}},"fnMap":{"0":{"name":"(anonymous_0)","decl":{"start":{"line":6,"column":29},"end":{"line":6,"column":30}},"loc":{"start":{"line":6,"column":74},"end":{"line":20,"column":1}},"line":6}},"branchMap":{},"s":{"0":1,"1":1},"f":{"0":1},"b":{},"_coverageSchema":"1a1c01bbd47fc00a2c39e90264f33305004495a9","hash":"226fa9fbf0465b2ba71dbd9492377783f4d95092"}
,"/Users/ranaharoni/Development/pandora/packages/LittleBits/src/ui/screens/NewAppScreen/index.tsx": {"path":"/Users/ranaharoni/Development/pandora/packages/LittleBits/src/ui/screens/NewAppScreen/index.tsx","statementMap":{"0":{"start":{"line":33,"column":5},"end":{"line":57,"column":1}},"1":{"start":{"line":34,"column":21},"end":{"line":34,"column":48}},"2":{"start":{"line":35,"column":2},"end":{"line":56,"column":4}},"3":{"start":{"line":59,"column":21},"end":{"line":95,"column":1}},"4":{"start":{"line":60,"column":21},"end":{"line":60,"column":48}},"5":{"start":{"line":62,"column":26},"end":{"line":64,"column":3}},"6":{"start":{"line":66,"column":2},"end":{"line":94,"column":4}},"7":{"start":{"line":97,"column":15},"end":{"line":114,"column":2}}},"fnMap":{"0":{"name":"(anonymous_0)","decl":{"start":{"line":33,"column":5},"end":{"line":33,"column":6}},"loc":{"start":{"line":33,"column":30},"end":{"line":57,"column":1}},"line":33},"1":{"name":"(anonymous_1)","decl":{"start":{"line":59,"column":21},"end":{"line":59,"column":22}},"loc":{"start":{"line":59,"column":27},"end":{"line":95,"column":1}},"line":59}},"branchMap":{"0":{"loc":{"start":{"line":41,"column":19},"end":{"line":41,"column":59}},"type":"cond-expr","locations":[{"start":{"line":41,"column":32},"end":{"line":41,"column":44}},{"start":{"line":41,"column":47},"end":{"line":41,"column":59}}],"line":41},"1":{"loc":{"start":{"line":50,"column":19},"end":{"line":50,"column":58}},"type":"cond-expr","locations":[{"start":{"line":50,"column":32},"end":{"line":50,"column":44}},{"start":{"line":50,"column":47},"end":{"line":50,"column":58}}],"line":50},"2":{"loc":{"start":{"line":63,"column":21},"end":{"line":63,"column":64}},"type":"cond-expr","locations":[{"start":{"line":63,"column":34},"end":{"line":63,"column":47}},{"start":{"line":63,"column":50},"end":{"line":63,"column":64}}],"line":63},"3":{"loc":{"start":{"line":68,"column":27},"end":{"line":68,"column":72}},"type":"cond-expr","locations":[{"start":{"line":68,"column":40},"end":{"line":68,"column":55}},{"start":{"line":68,"column":58},"end":{"line":68,"column":72}}],"line":68},"4":{"loc":{"start":{"line":75,"column":29},"end":{"line":75,"column":69}},"type":"cond-expr","locations":[{"start":{"line":75,"column":42},"end":{"line":75,"column":54}},{"start":{"line":75,"column":57},"end":{"line":75,"column":69}}],"line":75}},"s":{"0":1,"1":4,"2":4,"3":1,"4":2,"5":1,"6":1,"7":1},"f":{"0":4,"1":2},"b":{"0":[0,4],"1":[0,4],"2":[0,1],"3":[0,1],"4":[0,1]},"_coverageSchema":"1a1c01bbd47fc00a2c39e90264f33305004495a9","hash":"248c627bc1668d5a657d1de9ca32d8dc32972003"}
}
