TN:
SF:src/app/Recipes/entities/Recipe.ts
FN:49,(anonymous_0)
FNF:1
FNH:1
FNDA:3,(anonymous_0)
DA:30,2
DA:37,2
DA:50,3
DA:51,3
DA:52,3
DA:53,3
DA:54,3
DA:55,3
DA:56,3
DA:57,3
DA:58,3
DA:59,3
DA:60,3
LF:13
LH:13
BRF:0
BRH:0
end_of_record
TN:
SF:src/app/Recipes/infrastructure/adapters/adapter_IRecipeFromIRecipeResponse.ts
FN:7,(anonymous_0)
FNF:1
FNH:1
FNDA:3,(anonymous_0)
DA:7,2
DA:20,3
LF:2
LH:2
BRDA:27,0,0,3
BRDA:27,0,1,1
BRDA:28,1,0,3
BRDA:28,1,1,1
BRDA:29,2,0,3
BRDA:29,2,1,1
BRDA:30,3,0,3
BRDA:30,3,1,1
BRF:8
BRH:8
end_of_record
TN:
SF:src/app/Recipes/infrastructure/utils/durationToFutureDate.ts
FN:6,(anonymous_0)
FNF:1
FNH:1
FNDA:6,(anonymous_0)
DA:6,3
DA:7,6
DA:8,6
DA:9,6
LF:4
LH:4
BRF:0
BRH:0
end_of_record
TN:
SF:src/app/Recipes/infrastructure/utils/sortObjectCollectionByKey.ts
FN:3,(anonymous_0)
FN:7,(anonymous_1)
FNF:2
FNH:2
FNDA:5,(anonymous_0)
FNDA:23,(anonymous_1)
DA:3,1
DA:7,5
DA:8,23
DA:10,3
DA:11,20
DA:13,18
DA:15,2
LF:7
LH:7
BRDA:8,0,0,3
BRDA:8,0,1,20
BRDA:11,1,0,18
BRDA:11,1,1,2
BRDA:11,2,0,20
BRDA:11,2,1,13
BRDA:11,2,2,9
BRF:7
BRH:7
end_of_record
TN:
SF:src/ui/adapters/displayRecipe.ts
FN:6,(anonymous_0)
FNF:1
FNH:1
FNDA:1,(anonymous_0)
DA:6,1
DA:7,1
LF:2
LH:2
BRF:0
BRH:0
end_of_record
TN:
SF:src/ui/screens/NewAppScreen/index.tsx
FN:33,(anonymous_0)
FN:59,(anonymous_1)
FNF:2
FNH:2
FNDA:4,(anonymous_0)
FNDA:2,(anonymous_1)
DA:33,1
DA:34,4
DA:35,4
DA:59,1
DA:60,2
DA:62,1
DA:66,1
DA:97,1
LF:8
LH:8
BRDA:41,0,0,0
BRDA:41,0,1,4
BRDA:50,1,0,0
BRDA:50,1,1,4
BRDA:63,2,0,0
BRDA:63,2,1,1
BRDA:68,3,0,0
BRDA:68,3,1,1
BRDA:75,4,0,0
BRDA:75,4,1,1
BRF:10
BRH:5
end_of_record
